<?xml version="1.0" encoding="UTF-8"?>
<!-- Generated by org.testng.reporters.JUnitReportReporter -->
<testsuite hostname="DESKTOP-D77GG8J" failures="0" tests="1" name="CRUD_Operation.Get_Booking_Details" time="2.951" errors="0" timestamp="2022-11-06T20:12:21 IST" skipped="0">
  <testcase classname="CRUD_Operation.Get_Booking_Details" name="Get_Booking_Details" time="2.951"/>
  <system-out/>
</testsuite> <!-- CRUD_Operation.Get_Booking_Details -->
