<?xml version="1.0" encoding="UTF-8"?>
<!-- Generated by org.testng.reporters.JUnitReportReporter -->
<testsuite hostname="DESKTOP-D77GG8J" failures="0" tests="1" name="CRUD_Operation.Update_BookingRecord" time="7.004" errors="0" timestamp="2022-11-06T20:07:13 IST" skipped="0">
  <testcase classname="CRUD_Operation.Update_BookingRecord" name="Update_A_Record" time="7.004"/>
  <system-out/>
</testsuite> <!-- CRUD_Operation.Update_BookingRecord -->
