<?xml version="1.0" encoding="UTF-8"?>
<!-- Generated by org.testng.reporters.JUnitReportReporter -->
<testsuite hostname="DESKTOP-D77GG8J" failures="0" tests="1" name="Authentication.BearerToken" time="11.205" errors="0" timestamp="2022-11-05T06:22:01 IST" skipped="0">
  <testcase classname="Authentication.BearerToken" name="bearerToken" time="11.205"/>
  <system-out/>
</testsuite> <!-- Authentication.BearerToken -->
