<?xml version="1.0" encoding="UTF-8"?>
<!-- Generated by org.testng.reporters.JUnitReportReporter -->
<testsuite hostname="DESKTOP-D77GG8J" failures="0" tests="1" name="CRUD_Operation.Get_All_Booking_Details" time="15.153" errors="0" timestamp="2022-11-07T10:03:18 IST" skipped="0">
  <testcase classname="CRUD_Operation.Get_All_Booking_Details" name="Get_Booking_Details" time="15.153"/>
  <system-out/>
</testsuite> <!-- CRUD_Operation.Get_All_Booking_Details -->
