<?xml version="1.0" encoding="UTF-8"?>
<!-- Generated by org.testng.reporters.JUnitReportReporter -->
<testsuite hostname="DESKTOP-D77GG8J" failures="0" tests="1" name="CRUD_Operation.Create_Hotel" time="13.498" errors="0" timestamp="2022-11-06T16:11:22 IST" skipped="0">
  <testcase classname="CRUD_Operation.Create_Hotel" name="post_CreateHotel" time="13.498"/>
  <system-out/>
</testsuite> <!-- CRUD_Operation.Create_Hotel -->
