<?xml version="1.0" encoding="UTF-8"?>
<!-- Generated by org.testng.reporters.JUnitReportReporter -->
<testsuite hostname="DESKTOP-D77GG8J" failures="0" tests="1" name="CRUD_Operation.Delete_Bookings" time="5.499" errors="0" timestamp="2022-11-06T19:28:24 IST" skipped="0">
  <testcase classname="CRUD_Operation.Delete_Bookings" name="Get_Booking_Details" time="5.499"/>
  <system-out/>
</testsuite> <!-- CRUD_Operation.Delete_Bookings -->
